Using pre-set license
Built from '2020.3/staging' branch; Version is '2020.3.38f1 (8f5fde82e2dc) revision 9396190'; Using compiler version '192528614'; Build Type 'Release'
OS: 'Windows 11  (10.0.22000) 64bit CoreSingleLanguage' Language: 'en' Physical Memory: 7522 MB
BatchMode: 1, IsHumanControllingUs: 0, StartBugReporterOnCrash: 0, Is64bit: 1, IsPro: 0

COMMAND LINE ARGUMENTS:
C:\Program Files\Unity 2020.3.38f1\Editor\Unity.exe
-adb2
-batchMode
-noUpm
-name
AssetImportWorker0
-projectPath
C:/Users/sneha/OneDrive/Desktop/Unity/TheUpsideDownGame/TheUpsideDown
-logFile
Logs/AssetImportWorker0.log
-srvPort
55135
Successfully changed project path to: C:/Users/sneha/OneDrive/Desktop/Unity/TheUpsideDownGame/TheUpsideDown
C:/Users/sneha/OneDrive/Desktop/Unity/TheUpsideDownGame/TheUpsideDown
Using Asset Import Pipeline V2.
Refreshing native plugins compatible for Editor in 60.89 ms, found 2 plugins.
Preloading 0 native plugins for Editor in 0.00 ms.
Initialize engine version: 2020.3.38f1 (8f5fde82e2dc)
[Subsystems] Discovering subsystems at path C:/Program Files/Unity 2020.3.38f1/Editor/Data/Resources/UnitySubsystems
[Subsystems] Discovering subsystems at path C:/Users/sneha/OneDrive/Desktop/Unity/TheUpsideDownGame/TheUpsideDown/Assets
GfxDevice: creating device client; threaded=0
Direct3D:
    Version:  Direct3D 11.0 [level 11.1]
    Renderer: AMD Radeon (TM) Graphics (ID=0x15e7)
    Vendor:   
    VRAM:     3761 MB
    Driver:   30.0.14046.0
Initialize mono
Mono path[0] = 'C:/Program Files/Unity 2020.3.38f1/Editor/Data/Managed'
Mono path[1] = 'C:/Program Files/Unity 2020.3.38f1/Editor/Data/MonoBleedingEdge/lib/mono/unityjit'
Mono config path = 'C:/Program Files/Unity 2020.3.38f1/Editor/Data/MonoBleedingEdge/etc'
Using monoOptions --debugger-agent=transport=dt_socket,embedding=1,server=y,suspend=n,address=127.0.0.1:56412
Begin MonoManager ReloadAssembly
Registering precompiled unity dll's ...
Register platform support module: C:/Program Files/Unity 2020.3.38f1/Editor/Data/PlaybackEngines/WindowsStandaloneSupport/UnityEditor.WindowsStandalone.Extensions.dll
Registered in 0.004234 seconds.
Native extension for WindowsStandalone target not found
Refreshing native plugins compatible for Editor in 68.78 ms, found 2 plugins.
Preloading 0 native plugins for Editor in 0.00 ms.
Mono: successfully reloaded assembly
- Completed reload, in  0.882 seconds
Domain Reload Profiling:
	ReloadAssembly (882ms)
		BeginReloadAssembly (121ms)
			ExecutionOrderSort (0ms)
			DisableScriptedObjects (0ms)
			BackupInstance (0ms)
			ReleaseScriptingObjects (0ms)
			CreateAndSetChildDomain (1ms)
		EndReloadAssembly (642ms)
			LoadAssemblies (117ms)
			RebuildTransferFunctionScriptingTraits (0ms)
			SetupTypeCache (215ms)
			ReleaseScriptCaches (0ms)
			RebuildScriptCaches (36ms)
			SetupLoadedEditorAssemblies (254ms)
				LogAssemblyErrors (0ms)
				InitializePlatformSupportModulesInManaged (6ms)
				SetLoadedEditorAssemblies (0ms)
				RefreshPlugins (69ms)
				BeforeProcessingInitializeOnLoad (13ms)
				ProcessInitializeOnLoadAttributes (119ms)
				ProcessInitializeOnLoadMethodAttributes (46ms)
				AfterProcessingInitializeOnLoad (0ms)
				EditorAssembliesLoaded (0ms)
			ExecutionOrderSort2 (0ms)
			AwakeInstancesAfterBackupRestoration (0ms)
Platform modules already initialized, skipping
Registering precompiled user dll's ...
Registered in 0.010852 seconds.
Begin MonoManager ReloadAssembly
Native extension for WindowsStandalone target not found
Refreshing native plugins compatible for Editor in 67.50 ms, found 2 plugins.
Preloading 0 native plugins for Editor in 0.00 ms.
Mono: successfully reloaded assembly
- Completed reload, in  1.803 seconds
Domain Reload Profiling:
	ReloadAssembly (1805ms)
		BeginReloadAssembly (239ms)
			ExecutionOrderSort (0ms)
			DisableScriptedObjects (7ms)
			BackupInstance (0ms)
			ReleaseScriptingObjects (0ms)
			CreateAndSetChildDomain (31ms)
		EndReloadAssembly (1481ms)
			LoadAssemblies (184ms)
			RebuildTransferFunctionScriptingTraits (0ms)
			SetupTypeCache (384ms)
			ReleaseScriptCaches (0ms)
			RebuildScriptCaches (58ms)
			SetupLoadedEditorAssemblies (754ms)
				LogAssemblyErrors (0ms)
				InitializePlatformSupportModulesInManaged (4ms)
				SetLoadedEditorAssemblies (0ms)
				RefreshPlugins (68ms)
				BeforeProcessingInitializeOnLoad (87ms)
				ProcessInitializeOnLoadAttributes (567ms)
				ProcessInitializeOnLoadMethodAttributes (20ms)
				AfterProcessingInitializeOnLoad (8ms)
				EditorAssembliesLoaded (0ms)
			ExecutionOrderSort2 (0ms)
			AwakeInstancesAfterBackupRestoration (3ms)
Platform modules already initialized, skipping
========================================================================
Worker process is ready to serve import requests
Launched and connected shader compiler UnityShaderCompiler.exe after 0.06 seconds
Refreshing native plugins compatible for Editor in 0.62 ms, found 2 plugins.
Preloading 0 native plugins for Editor in 0.00 ms.
Unloading 1747 Unused Serialized files (Serialized files now loaded: 0)
System memory in use before: 147.2 MB.
System memory in use after: 147.2 MB.

Unloading 29 unused Assets to reduce memory usage. Loaded Objects now: 2229.
Total: 4.965900 ms (FindLiveObjects: 0.195100 ms CreateObjectMapping: 0.068400 ms MarkObjects: 4.332800 ms  DeleteObjects: 0.368400 ms)

AssetImportParameters requested are different than current active one (requested -> active):
  custom:framework-win-MediaFoundation: 216162199b28c13a410421893ffa2e32 -> 
  custom:video-decoder-ogg-theora: a1e56fd34408186e4bbccfd4996cb3dc -> 
  custom:container-muxer-webm: aa71ff27fc2769a1b78a27578f13a17b -> 
  custom:container-demuxer-webm: 4f35f7cbe854078d1ac9338744f61a02 -> 
  custom:container-demuxer-ogg: 62fdf1f143b41e24485cea50d1cbac27 -> 
  custom:video-encoder-webm-vp8: eb34c28f22e8b96e1ab97ce403110664 -> 
  custom:video-codec-MediaFoundation-h265: 746d11721c4dcdbdad8f713fa42b33f4 -> 
  custom:video-decoder-webm-vp8: 9c59270c3fd7afecdb556c50c9e8de78 -> 
  custom:audio-decoder-ogg-vorbis: bf7c407c2cedff20999df2af8eb42d56 -> 
  custom:audio-encoder-webm-vorbis: bf7c407c2cedff20999df2af8eb42d56 -> 
========================================================================
Received Import Request.
  path: Assets/Assets(ingame)/materials/upsidedownportal/Drooling_alphamask_1.png
  artifactKey: Guid(ebe03f352c4cd4649bf0a718b14ca0df) Importer(815301076,1909f56bfc062723c751e8b465ee728b)
Start importing Assets/Assets(ingame)/materials/upsidedownportal/Drooling_alphamask_1.png using Guid(ebe03f352c4cd4649bf0a718b14ca0df) Importer(815301076,1909f56bfc062723c751e8b465ee728b)  -> (artifact id: 'e90cd3192f391b1878b356c4fdd1fff7') in 0.164280 seconds 
========================================================================
Received Import Request.
  Time since last request: 0.000467 seconds.
  path: Assets/Assets(ingame)/materials/upsidedownportal/Window_diff.png
  artifactKey: Guid(798c533c4494745aca8d8d5bf2da64c6) Importer(815301076,1909f56bfc062723c751e8b465ee728b)
Start importing Assets/Assets(ingame)/materials/upsidedownportal/Window_diff.png using Guid(798c533c4494745aca8d8d5bf2da64c6) Importer(815301076,1909f56bfc062723c751e8b465ee728b)  -> (artifact id: '1cec73274d9bda892c769d8e8d840834') in 0.021001 seconds 
========================================================================
Received Import Request.
  Time since last request: 0.000314 seconds.
  path: Assets/Assets(ingame)/materials/upsidedownportal/Drooling_Diff.png
  artifactKey: Guid(39bbd1210c6024d7297da4e5b7c841c4) Importer(815301076,1909f56bfc062723c751e8b465ee728b)
Start importing Assets/Assets(ingame)/materials/upsidedownportal/Drooling_Diff.png using Guid(39bbd1210c6024d7297da4e5b7c841c4) Importer(815301076,1909f56bfc062723c751e8b465ee728b)  -> (artifact id: '9452d0127c4e8ff701bbd849e5c390e2') in 0.025630 seconds 
========================================================================
Received Import Request.
  Time since last request: 0.000310 seconds.
  path: Assets/Assets(ingame)/materials/upsidedownportal/Branches_normal.png
  artifactKey: Guid(5a60fb2981cb44917b2116d04e562abd) Importer(815301076,1909f56bfc062723c751e8b465ee728b)
Start importing Assets/Assets(ingame)/materials/upsidedownportal/Branches_normal.png using Guid(5a60fb2981cb44917b2116d04e562abd) Importer(815301076,1909f56bfc062723c751e8b465ee728b)  -> (artifact id: '13510d3b5e06b9c18ec53bce61d9327f') in 0.059711 seconds 
========================================================================
Received Import Request.
  Time since last request: 0.000296 seconds.
  path: Assets/Assets(ingame)/materials/upsidedownportal/Drooling_ao.png
  artifactKey: Guid(fbcce7834d14645109f45ac4152ab913) Importer(815301076,1909f56bfc062723c751e8b465ee728b)
Start importing Assets/Assets(ingame)/materials/upsidedownportal/Drooling_ao.png using Guid(fbcce7834d14645109f45ac4152ab913) Importer(815301076,1909f56bfc062723c751e8b465ee728b)  -> (artifact id: '4235052452f879f39570e04992573a0e') in 0.018997 seconds 
========================================================================
Received Import Request.
  Time since last request: 0.000318 seconds.
  path: Assets/Assets(ingame)/materials/upsidedownportal/Branches_Diff.png
  artifactKey: Guid(47609944a25ce48ba8495866c4c95d12) Importer(815301076,1909f56bfc062723c751e8b465ee728b)
Start importing Assets/Assets(ingame)/materials/upsidedownportal/Branches_Diff.png using Guid(47609944a25ce48ba8495866c4c95d12) Importer(815301076,1909f56bfc062723c751e8b465ee728b)  -> (artifact id: '867d8a3595a834e269bd71565e62f0ff') in 0.025099 seconds 
========================================================================
Received Import Request.
  Time since last request: 0.000298 seconds.
  path: Assets/Assets(ingame)/materials/upsidedownportal/Drooling_normal_.png
  artifactKey: Guid(00185b66827af41589756183b7e1ea6c) Importer(815301076,1909f56bfc062723c751e8b465ee728b)
Start importing Assets/Assets(ingame)/materials/upsidedownportal/Drooling_normal_.png using Guid(00185b66827af41589756183b7e1ea6c) Importer(815301076,1909f56bfc062723c751e8b465ee728b)  -> (artifact id: '6b39f8e307311f137ffd871e5bb76bc3') in 0.017205 seconds 
========================================================================
Received Import Request.
  Time since last request: 0.000247 seconds.
  path: Assets/Assets(ingame)/materials/upsidedownportal/mat3.mat
  artifactKey: Guid(a2d4a3e961e3f4475ac6340e6e1f4d67) Importer(815301076,1909f56bfc062723c751e8b465ee728b)
Start importing Assets/Assets(ingame)/materials/upsidedownportal/mat3.mat using Guid(a2d4a3e961e3f4475ac6340e6e1f4d67) Importer(815301076,1909f56bfc062723c751e8b465ee728b)  -> (artifact id: 'bc47aeb1aa16e0a353171a2a93408d94') in 0.084731 seconds 
========================================================================
Received Import Request.
  Time since last request: 0.000304 seconds.
  path: Assets/Assets(ingame)/materials/upsidedownportal/mat1.mat
  artifactKey: Guid(8f0453f0b74da4880a5ca4e71d4abd4e) Importer(815301076,1909f56bfc062723c751e8b465ee728b)
Start importing Assets/Assets(ingame)/materials/upsidedownportal/mat1.mat using Guid(8f0453f0b74da4880a5ca4e71d4abd4e) Importer(815301076,1909f56bfc062723c751e8b465ee728b)  -> (artifact id: 'e5781c18aee05e1e60267b72a12dae69') in 0.030124 seconds 
========================================================================
Received Import Request.
  Time since last request: 0.000246 seconds.
  path: Assets/Assets(ingame)/materials/upsidedownportal/mat2.mat
  artifactKey: Guid(ab213797723db478ba105757f1ecd6a6) Importer(815301076,1909f56bfc062723c751e8b465ee728b)
Start importing Assets/Assets(ingame)/materials/upsidedownportal/mat2.mat using Guid(ab213797723db478ba105757f1ecd6a6) Importer(815301076,1909f56bfc062723c751e8b465ee728b)  -> (artifact id: 'b6b81217fa7aa1c60511d917f12acbcb') in 0.035065 seconds 
========================================================================
Received Import Request.
  Time since last request: 50.809305 seconds.
  path: Assets/Scenes/Level1.unity
  artifactKey: Guid(aff400c7214254b18905b995f349ee69) Importer(815301076,1909f56bfc062723c751e8b465ee728b)
Start importing Assets/Scenes/Level1.unity using Guid(aff400c7214254b18905b995f349ee69) Importer(815301076,1909f56bfc062723c751e8b465ee728b)  -> (artifact id: 'cbd44c9e577832bf32a1a04d0dd9b3a8') in 0.009130 seconds 
========================================================================
Received Import Request.
  Time since last request: 199.692787 seconds.
  path: Assets/Scenes/SampleScene.unity
  artifactKey: Guid(9fc0d4010bbf28b4594072e72b8655ab) Importer(815301076,1909f56bfc062723c751e8b465ee728b)
Start importing Assets/Scenes/SampleScene.unity using Guid(9fc0d4010bbf28b4594072e72b8655ab) Importer(815301076,1909f56bfc062723c751e8b465ee728b)  -> (artifact id: '46d728c85cdd25b46026a0bb391c1a62') in 0.009330 seconds 
========================================================================
Received Import Request.
  Time since last request: 603.306631 seconds.
  path: Assets/Assets(ingame)/characters
  artifactKey: Guid(efb67e784d60747febd8d208fe4070a5) Importer(815301076,1909f56bfc062723c751e8b465ee728b)
Start importing Assets/Assets(ingame)/characters using Guid(efb67e784d60747febd8d208fe4070a5) Importer(815301076,1909f56bfc062723c751e8b465ee728b)  -> (artifact id: '31246de32bf48a58ba0c6078d26eb20d') in 0.019626 seconds 
========================================================================
Received Import Request.
  Time since last request: 0.000329 seconds.
  path: Assets/Assets(ingame)/characters/New Terrain.asset
  artifactKey: Guid(b0b2b758c0704479aaeccb01f02ef384) Importer(815301076,1909f56bfc062723c751e8b465ee728b)
Start importing Assets/Assets(ingame)/characters/New Terrain.asset using Guid(b0b2b758c0704479aaeccb01f02ef384) Importer(815301076,1909f56bfc062723c751e8b465ee728b)  -> (artifact id: '781e304ccd8a6a3e267f5193e5dd5db8') in 0.313617 seconds 
========================================================================
Received Prepare
Registering precompiled user dll's ...
Registered in 0.006005 seconds.
Begin MonoManager ReloadAssembly
Native extension for WindowsStandalone target not found
Refreshing native plugins compatible for Editor in 1.87 ms, found 2 plugins.
Preloading 0 native plugins for Editor in 0.00 ms.
Mono: successfully reloaded assembly
- Completed reload, in  3.164 seconds
Domain Reload Profiling:
	ReloadAssembly (3180ms)
		BeginReloadAssembly (808ms)
			ExecutionOrderSort (0ms)
			DisableScriptedObjects (83ms)
			BackupInstance (0ms)
			ReleaseScriptingObjects (0ms)
			CreateAndSetChildDomain (389ms)
		EndReloadAssembly (2227ms)
			LoadAssemblies (298ms)
			RebuildTransferFunctionScriptingTraits (1ms)
			SetupTypeCache (553ms)
			ReleaseScriptCaches (2ms)
			RebuildScriptCaches (85ms)
			SetupLoadedEditorAssemblies (1164ms)
				LogAssemblyErrors (0ms)
				InitializePlatformSupportModulesInManaged (14ms)
				SetLoadedEditorAssemblies (2ms)
				RefreshPlugins (2ms)
				BeforeProcessingInitializeOnLoad (130ms)
				ProcessInitializeOnLoadAttributes (968ms)
				ProcessInitializeOnLoadMethodAttributes (29ms)
				AfterProcessingInitializeOnLoad (18ms)
				EditorAssembliesLoaded (1ms)
			ExecutionOrderSort2 (0ms)
			AwakeInstancesAfterBackupRestoration (5ms)
Platform modules already initialized, skipping
Refreshing native plugins compatible for Editor in 0.66 ms, found 2 plugins.
Preloading 0 native plugins for Editor in 0.00 ms.
Unloading 1697 Unused Serialized files (Serialized files now loaded: 0)
System memory in use before: 146.0 MB.
System memory in use after: 146.0 MB.

Unloading 14 unused Assets to reduce memory usage. Loaded Objects now: 2277.
Total: 4.728200 ms (FindLiveObjects: 0.223700 ms CreateObjectMapping: 0.066000 ms MarkObjects: 4.170500 ms  DeleteObjects: 0.266600 ms)

AssetImportParameters requested are different than current active one (requested -> active):
  custom:framework-win-MediaFoundation: 216162199b28c13a410421893ffa2e32 -> 
  custom:video-decoder-ogg-theora: a1e56fd34408186e4bbccfd4996cb3dc -> 
  custom:container-muxer-webm: aa71ff27fc2769a1b78a27578f13a17b -> 
  custom:container-demuxer-webm: 4f35f7cbe854078d1ac9338744f61a02 -> 
  custom:container-demuxer-ogg: 62fdf1f143b41e24485cea50d1cbac27 -> 
  custom:video-encoder-webm-vp8: eb34c28f22e8b96e1ab97ce403110664 -> 
  custom:video-codec-MediaFoundation-h265: 746d11721c4dcdbdad8f713fa42b33f4 -> 
  custom:video-decoder-webm-vp8: 9c59270c3fd7afecdb556c50c9e8de78 -> 
  custom:audio-decoder-ogg-vorbis: bf7c407c2cedff20999df2af8eb42d56 -> 
  custom:audio-encoder-webm-vorbis: bf7c407c2cedff20999df2af8eb42d56 -> 
