Unity Editor version:    2020.3.38f1 (8f5fde82e2dc)
Branch:                  2020.3/staging
Build type:              Release
Batch mode:              YES
macOS version:           Version 12.4 (Build 21F79)
Darwin version:          21.5.0
Architecture:            x86_64
Running under Rosetta:   YES
Available memory:        8192 MB
Using pre-set license
Pro License: NO

COMMAND LINE ARGUMENTS:
/Applications/Unity/Hub/Editor/2020.3.38f1/Unity.app/Contents/MacOS/Unity
-adb2
-batchMode
-noUpm
-name
AssetImportWorker0
-projectPath
/Users/nandinipaarshar9/Desktop/TheUpsideDownGameRepo/TheUpsideDown
-logFile
Logs/AssetImportWorker0.log
-srvPort
51532
Successfully changed project path to: /Users/nandinipaarshar9/Desktop/TheUpsideDownGameRepo/TheUpsideDown
/Users/nandinipaarshar9/Desktop/TheUpsideDownGameRepo/TheUpsideDown
Using Asset Import Pipeline V2.
Refreshing native plugins compatible for Editor in 38.08 ms, found 2 plugins.
Preloading 0 native plugins for Editor in 0.00 ms.
Initialize engine version: 2020.3.38f1 (8f5fde82e2dc)
[Subsystems] Discovering subsystems at path /Applications/Unity/Hub/Editor/2020.3.38f1/Unity.app/Contents/Resources/UnitySubsystems
[Subsystems] Discovering subsystems at path /Users/nandinipaarshar9/Desktop/TheUpsideDownGameRepo/TheUpsideDown/Assets
GfxDevice: creating device client; threaded=0
2022-09-06 11:38:34.510 Unity[2084:22250] (null) preferred device: Apple M1 (high power)
2022-09-06 11:38:34.510 Unity[2084:22250] Metal devices available: 1
2022-09-06 11:38:34.510 Unity[2084:22250] 0: Apple M1 (high power)
2022-09-06 11:38:34.510 Unity[2084:22250] Using device Apple M1 (high power)
Initializing Metal device caps: Apple M1
Initialize mono
Mono path[0] = '/Applications/Unity/Hub/Editor/2020.3.38f1/Unity.app/Contents/Managed'
Mono path[1] = '/Applications/Unity/Hub/Editor/2020.3.38f1/Unity.app/Contents/MonoBleedingEdge/lib/mono/unityjit'
Mono config path = '/Applications/Unity/Hub/Editor/2020.3.38f1/Unity.app/Contents/MonoBleedingEdge/etc'
Using monoOptions --debugger-agent=transport=dt_socket,embedding=1,server=y,suspend=n,address=127.0.0.1:56084
Begin MonoManager ReloadAssembly
Registering precompiled unity dll's ...
Register platform support module: /Applications/Unity/Hub/Editor/2020.3.38f1/Unity.app/Contents/PlaybackEngines/MacStandaloneSupport/UnityEditor.OSXStandalone.Extensions.dll
Registered in 0.001754 seconds.
Native extension for OSXStandalone target not found
Refreshing native plugins compatible for Editor in 37.63 ms, found 2 plugins.
Preloading 0 native plugins for Editor in 0.00 ms.
Mono: successfully reloaded assembly
- Completed reload, in  1.181 seconds
Domain Reload Profiling:
	ReloadAssembly (1181ms)
		BeginReloadAssembly (106ms)
			ExecutionOrderSort (0ms)
			DisableScriptedObjects (0ms)
			BackupInstance (0ms)
			ReleaseScriptingObjects (0ms)
			CreateAndSetChildDomain (3ms)
		EndReloadAssembly (961ms)
			LoadAssemblies (104ms)
			RebuildTransferFunctionScriptingTraits (0ms)
			SetupTypeCache (172ms)
			ReleaseScriptCaches (0ms)
			RebuildScriptCaches (40ms)
			SetupLoadedEditorAssemblies (469ms)
				LogAssemblyErrors (0ms)
				InitializePlatformSupportModulesInManaged (12ms)
				SetLoadedEditorAssemblies (1ms)
				RefreshPlugins (38ms)
				BeforeProcessingInitializeOnLoad (31ms)
				ProcessInitializeOnLoadAttributes (286ms)
				ProcessInitializeOnLoadMethodAttributes (101ms)
				AfterProcessingInitializeOnLoad (0ms)
				EditorAssembliesLoaded (1ms)
			ExecutionOrderSort2 (0ms)
			AwakeInstancesAfterBackupRestoration (0ms)
Platform modules already initialized, skipping
Registering precompiled user dll's ...
Registered in 0.003368 seconds.
Begin MonoManager ReloadAssembly
Native extension for OSXStandalone target not found
Refreshing native plugins compatible for Editor in 36.98 ms, found 2 plugins.
Preloading 0 native plugins for Editor in 0.00 ms.
Mono: successfully reloaded assembly
- Completed reload, in  2.356 seconds
Domain Reload Profiling:
	ReloadAssembly (2359ms)
		BeginReloadAssembly (242ms)
			ExecutionOrderSort (0ms)
			DisableScriptedObjects (31ms)
			BackupInstance (0ms)
			ReleaseScriptingObjects (0ms)
			CreateAndSetChildDomain (29ms)
		EndReloadAssembly (2029ms)
			LoadAssemblies (180ms)
			RebuildTransferFunctionScriptingTraits (0ms)
			SetupTypeCache (301ms)
			ReleaseScriptCaches (0ms)
			RebuildScriptCaches (53ms)
			SetupLoadedEditorAssemblies (1222ms)
				LogAssemblyErrors (0ms)
				InitializePlatformSupportModulesInManaged (10ms)
				SetLoadedEditorAssemblies (1ms)
				RefreshPlugins (37ms)
				BeforeProcessingInitializeOnLoad (150ms)
				ProcessInitializeOnLoadAttributes (967ms)
				ProcessInitializeOnLoadMethodAttributes (56ms)
				AfterProcessingInitializeOnLoad (1ms)
				EditorAssembliesLoaded (0ms)
			ExecutionOrderSort2 (0ms)
			AwakeInstancesAfterBackupRestoration (4ms)
Platform modules already initialized, skipping
Validating Project structure ... 0.008871 seconds.
Shader import version has changed; will reimport all shaders...
Upgrading shader files ...0.016957 seconds.
Application.AssetDatabase Initial Script Refresh Start
RefreshInfo: InitialScriptRefreshV2(NoUpdateAssetOptions) scanfilter:  ... 1 filters
RefreshProfiler: Total: 0.000ms
Application.AssetDatabase Initial Script Refresh End
Application.AssetDatabase.Refresh Start
Application.AssetDatabase.Refresh End
RefreshInfo: StopAssetImportingV2(ForceSynchronousImport) scanfilter: 
RefreshProfiler: Total: 0.000ms
Launching external process: /Applications/Unity/Hub/Editor/2020.3.38f1/Unity.app/Contents/Tools/UnityShaderCompiler
Launched and connected shader compiler UnityShaderCompiler after 0.03 seconds
Initializing Unity extensions:
2022-09-06 11:38:39.216 Unity[2084:22250] NSEventModifierFlagFunction specified to -setKeyEquivalentModifierMask: for item <NSMenuItem: 0x600003d54070 Font Asset, ke='Command-F12'>, but is only supported for system-provided menu items; will not be used
2022-09-06 11:38:39.219 Unity[2084:22250] NSEventModifierFlagFunction specified to -setKeyEquivalentModifierMask: for item <NSMenuItem: 0x600003d46450 Font Asset, ke='Command-F12'>, but is only supported for system-provided menu items; will not be used
========================================================================
Worker process is ready to serve import requests
Refreshing native plugins compatible for Editor in 0.37 ms, found 2 plugins.
Preloading 0 native plugins for Editor in 0.00 ms.
Unloading 1757 Unused Serialized files (Serialized files now loaded: 0)
System memory in use before: 239.4 MB.
System memory in use after: 238.7 MB.

Unloading 109 unused Assets to reduce memory usage. Loaded Objects now: 2253.
Total: 2.397875 ms (FindLiveObjects: 0.081375 ms CreateObjectMapping: 0.034792 ms MarkObjects: 1.942375 ms  DeleteObjects: 0.338541 ms)

AssetImportParameters requested are different than current active one (requested -> active):
  custom:video-decoder-ogg-theora: a1e56fd34408186e4bbccfd4996cb3dc -> 
  custom:container-muxer-webm: aa71ff27fc2769a1b78a27578f13a17b -> 
  custom:container-demuxer-webm: 4f35f7cbe854078d1ac9338744f61a02 -> 
  custom:container-demuxer-ogg: 62fdf1f143b41e24485cea50d1cbac27 -> 
  custom:video-encoder-webm-vp8: eb34c28f22e8b96e1ab97ce403110664 -> 
  custom:framework-osx-AVFoundation: e770b220cccbd017edd2c1fefb359320 -> 
  custom:video-decoder-webm-vp8: 9c59270c3fd7afecdb556c50c9e8de78 -> 
  custom:audio-decoder-ogg-vorbis: bf7c407c2cedff20999df2af8eb42d56 -> 
  custom:audio-encoder-webm-vorbis: bf7c407c2cedff20999df2af8eb42d56 -> 
========================================================================
Received Import Request.
  path: Assets/Assets(ingame)/materials/background
  artifactKey: Guid(c0480f257c3df45f7a847df620ab4822) Importer(815301076,1909f56bfc062723c751e8b465ee728b)
Start importing Assets/Assets(ingame)/materials/background using Guid(c0480f257c3df45f7a847df620ab4822) Importer(815301076,1909f56bfc062723c751e8b465ee728b)  -> (artifact id: 'dd395144c2433b567497c87ce5a81d6c') in 0.006363 seconds 
========================================================================
Received Import Request.
  Time since last request: 47.545709 seconds.
  path: Assets/Assets(ingame)/materials/background/aa5fe8f7d8128ba030b4b8ac1cde3a09.jpeg
  artifactKey: Guid(3496dd82aa12d4e2a8c90d63ac411d96) Importer(815301076,1909f56bfc062723c751e8b465ee728b)
Start importing Assets/Assets(ingame)/materials/background/aa5fe8f7d8128ba030b4b8ac1cde3a09.jpeg using Guid(3496dd82aa12d4e2a8c90d63ac411d96) Importer(815301076,1909f56bfc062723c751e8b465ee728b)  -> (artifact id: '835fb00e0e92c313159f628ab4ff5d9d') in 0.646660 seconds 
========================================================================
Received Import Request.
  Time since last request: 197.111281 seconds.
  path: Assets/Assets(ingame)/materials/background/entry.jpg
  artifactKey: Guid(111b280c7ee324a3ab91fd89e684ee91) Importer(815301076,1909f56bfc062723c751e8b465ee728b)
Start importing Assets/Assets(ingame)/materials/background/entry.jpg using Guid(111b280c7ee324a3ab91fd89e684ee91) Importer(815301076,1909f56bfc062723c751e8b465ee728b)  -> (artifact id: 'b1d5f89691edd89fed17e962ff7ade25') in 0.443115 seconds 
========================================================================
Received Import Request.
  Time since last request: 72.364368 seconds.
  path: Assets/Assets(ingame)/materials/background/entry skybox
  artifactKey: Guid(93c44dc2d318e43ec8d62d9e7b5df176) Importer(815301076,1909f56bfc062723c751e8b465ee728b)
Start importing Assets/Assets(ingame)/materials/background/entry skybox using Guid(93c44dc2d318e43ec8d62d9e7b5df176) Importer(815301076,1909f56bfc062723c751e8b465ee728b)  -> (artifact id: '7aeae54a0fc2dbb08e56413d6e69ac29') in 0.001899 seconds 
========================================================================
Received Import Request.
  Time since last request: 13.559648 seconds.
  path: Assets/Assets(ingame)/materials/background/entry skybox/entry sky.mat
  artifactKey: Guid(f1f80ce830b4b4bca9f36e8c6cdf096e) Importer(815301076,1909f56bfc062723c751e8b465ee728b)
Start importing Assets/Assets(ingame)/materials/background/entry skybox/entry sky.mat using Guid(f1f80ce830b4b4bca9f36e8c6cdf096e) Importer(815301076,1909f56bfc062723c751e8b465ee728b)  -> (artifact id: '2e3e6c36070d98ba15c6691231c2ec6d') in 0.590003 seconds 
========================================================================
Received Import Request.
  Time since last request: 25.668747 seconds.
  path: Assets/Assets(ingame)/materials/background/entry skybox/aa5fe8f7d8128ba030b4b8ac1cde3a09.jpeg
  artifactKey: Guid(3496dd82aa12d4e2a8c90d63ac411d96) Importer(815301076,1909f56bfc062723c751e8b465ee728b)
Start importing Assets/Assets(ingame)/materials/background/entry skybox/aa5fe8f7d8128ba030b4b8ac1cde3a09.jpeg using Guid(3496dd82aa12d4e2a8c90d63ac411d96) Importer(815301076,1909f56bfc062723c751e8b465ee728b)  -> (artifact id: 'ae32f3b506e5df09c3f2f5f169f06d38') in 0.040175 seconds 
========================================================================
Received Import Request.
  Time since last request: 31.917902 seconds.
  path: Assets/Assets(ingame)/materials/scene2/skybox/woods.mat
  artifactKey: Guid(1b529a377194b44c99fbdd7857024d5a) Importer(815301076,1909f56bfc062723c751e8b465ee728b)
Start importing Assets/Assets(ingame)/materials/scene2/skybox/woods.mat using Guid(1b529a377194b44c99fbdd7857024d5a) Importer(815301076,1909f56bfc062723c751e8b465ee728b)  -> (artifact id: '2195a1ee0820185180ed2748ff69c4c5') in 0.077859 seconds 
========================================================================
Received Import Request.
  Time since last request: 20.145944 seconds.
  path: Assets/Assets(ingame)/Terrain/Standard Assets/Environment/SpeedTree/Conifer/Conifer_Desktop Materials/LOD1/Leaves_3.mat
  artifactKey: Guid(e6751882f7503bd4f9c6c3902e8b6188) Importer(815301076,1909f56bfc062723c751e8b465ee728b)
Start importing Assets/Assets(ingame)/Terrain/Standard Assets/Environment/SpeedTree/Conifer/Conifer_Desktop Materials/LOD1/Leaves_3.mat using Guid(e6751882f7503bd4f9c6c3902e8b6188) Importer(815301076,1909f56bfc062723c751e8b465ee728b)  -> (artifact id: '5141b29628a642e7327e976a89a02f92') in 0.140070 seconds 
========================================================================
Received Import Request.
  Time since last request: 0.000183 seconds.
  path: Assets/Assets(ingame)/terrain assets/Conifers [BOTD]/Render Pipeline Support/Built-in RP/Sources/Materials/M Conifer Bark Array BODT.mat
  artifactKey: Guid(a7e78992c7c5347a29bb4ad9b987be59) Importer(815301076,1909f56bfc062723c751e8b465ee728b)
Start importing Assets/Assets(ingame)/terrain assets/Conifers [BOTD]/Render Pipeline Support/Built-in RP/Sources/Materials/M Conifer Bark Array BODT.mat using Guid(a7e78992c7c5347a29bb4ad9b987be59) Importer(815301076,1909f56bfc062723c751e8b465ee728b)  -> (artifact id: '05005ebe6ec08e1abb9e2749d2eb3448') in 0.148004 seconds 
========================================================================
Received Import Request.
  Time since last request: 0.000181 seconds.
  path: Assets/Assets(ingame)/terrain assets/ADG_Textures/ground_vol1/ground1/ground1.mat
  artifactKey: Guid(2ad85dfe2430c9944a67aabf28740c2d) Importer(815301076,1909f56bfc062723c751e8b465ee728b)
Start importing Assets/Assets(ingame)/terrain assets/ADG_Textures/ground_vol1/ground1/ground1.mat using Guid(2ad85dfe2430c9944a67aabf28740c2d) Importer(815301076,1909f56bfc062723c751e8b465ee728b)  -> (artifact id: '90d7b12a5168f8aa89fd5749241038e8') in 0.455137 seconds 
========================================================================
Received Import Request.
  Time since last request: 0.000178 seconds.
  path: Assets/Assets(ingame)/Terrain/Standard Assets/Environment/SpeedTree/Palm/Palm_Desktop Materials/LOD0/Leaves_3.mat
  artifactKey: Guid(a6b21b8c372827345a11bae2fb736e36) Importer(815301076,1909f56bfc062723c751e8b465ee728b)
Start importing Assets/Assets(ingame)/Terrain/Standard Assets/Environment/SpeedTree/Palm/Palm_Desktop Materials/LOD0/Leaves_3.mat using Guid(a6b21b8c372827345a11bae2fb736e36) Importer(815301076,1909f56bfc062723c751e8b465ee728b)  -> (artifact id: '7f4daefadb2f41b3199ac5aa2997bbe7') in 0.012453 seconds 
========================================================================
Received Import Request.
  Time since last request: 0.000144 seconds.
  path: Assets/Assets(ingame)/Terrain/Standard Assets/Environment/SpeedTree/Broadleaf/Broadleaf_Mobile Materials/Billboard.mat
  artifactKey: Guid(8c1755df5f552e843b9f8485f72e71f8) Importer(815301076,1909f56bfc062723c751e8b465ee728b)
Start importing Assets/Assets(ingame)/Terrain/Standard Assets/Environment/SpeedTree/Broadleaf/Broadleaf_Mobile Materials/Billboard.mat using Guid(8c1755df5f552e843b9f8485f72e71f8) Importer(815301076,1909f56bfc062723c751e8b465ee728b)  -> (artifact id: 'f758b32c64e6eb4316e6d55b96f31c95') in 0.040912 seconds 
========================================================================
Received Import Request.
  Time since last request: 0.000247 seconds.
  path: Assets/Assets(ingame)/Terrain/Standard Assets/Environment/SpeedTree/Conifer/Conifer_Desktop Materials/LOD1/Fronds_2.mat
  artifactKey: Guid(e183610e060210e44ac38d34e83c54d1) Importer(815301076,1909f56bfc062723c751e8b465ee728b)
Start importing Assets/Assets(ingame)/Terrain/Standard Assets/Environment/SpeedTree/Conifer/Conifer_Desktop Materials/LOD1/Fronds_2.mat using Guid(e183610e060210e44ac38d34e83c54d1) Importer(815301076,1909f56bfc062723c751e8b465ee728b)  -> (artifact id: 'a0098ba77407ed4a234c817ea645874a') in 0.043512 seconds 
========================================================================
Received Import Request.
  Time since last request: 0.000327 seconds.
  path: Assets/Assets(ingame)/terrain assets/Conifers [BOTD]/Render Pipeline Support/Built-in RP/CTI Runtime Components/Default Components/Resources/CTI_default_billboard_material.mat
  artifactKey: Guid(6da1894adda584f759ccf5e4d9ada5bf) Importer(815301076,1909f56bfc062723c751e8b465ee728b)
Start importing Assets/Assets(ingame)/terrain assets/Conifers [BOTD]/Render Pipeline Support/Built-in RP/CTI Runtime Components/Default Components/Resources/CTI_default_billboard_material.mat using Guid(6da1894adda584f759ccf5e4d9ada5bf) Importer(815301076,1909f56bfc062723c751e8b465ee728b)  -> (artifact id: 'd9a8e204a388eb4f3ee00f933251405f') in 0.011695 seconds 
========================================================================
Received Import Request.
  Time since last request: 0.000195 seconds.
  path: Assets/Assets(ingame)/Terrain/Standard Assets/Environment/SpeedTree/Broadleaf/Broadleaf_Desktop Materials/LOD1/Fronds_2.mat
  artifactKey: Guid(57225f817366f704fb9b710e3865030d) Importer(815301076,1909f56bfc062723c751e8b465ee728b)
Start importing Assets/Assets(ingame)/Terrain/Standard Assets/Environment/SpeedTree/Broadleaf/Broadleaf_Desktop Materials/LOD1/Fronds_2.mat using Guid(57225f817366f704fb9b710e3865030d) Importer(815301076,1909f56bfc062723c751e8b465ee728b)  -> (artifact id: 'ea03469bd6750a84b5fc3e2ff347474e') in 0.013925 seconds 
========================================================================
Received Import Request.
  Time since last request: 0.000179 seconds.
  path: Assets/Assets(ingame)/terrain assets/ADG_Textures/ground_vol1/ground5/ground5.mat
  artifactKey: Guid(255436391f9524147a37a599920b6a29) Importer(815301076,1909f56bfc062723c751e8b465ee728b)
Start importing Assets/Assets(ingame)/terrain assets/ADG_Textures/ground_vol1/ground5/ground5.mat using Guid(255436391f9524147a37a599920b6a29) Importer(815301076,1909f56bfc062723c751e8b465ee728b)  -> (artifact id: '317f4a52f14e37a440ab1d4f512bf478') in 0.023328 seconds 
========================================================================
Received Import Request.
  Time since last request: 0.000178 seconds.
  path: Assets/Assets(ingame)/Terrain/Standard Assets/Environment/SpeedTree/Broadleaf/Broadleaf_Mobile Materials/LOD2/Leaves_1.mat
  artifactKey: Guid(f568ca8b20ae095418f3e2a3b341d8f6) Importer(815301076,1909f56bfc062723c751e8b465ee728b)
Start importing Assets/Assets(ingame)/Terrain/Standard Assets/Environment/SpeedTree/Broadleaf/Broadleaf_Mobile Materials/LOD2/Leaves_1.mat using Guid(f568ca8b20ae095418f3e2a3b341d8f6) Importer(815301076,1909f56bfc062723c751e8b465ee728b)  -> (artifact id: 'bace91ff3575c64fe2d5891bf9a7cc0b') in 0.013315 seconds 
========================================================================
Received Import Request.
  Time since last request: 0.000206 seconds.
  path: Assets/Assets(ingame)/Terrain/Standard Assets/Environment/SpeedTree/Palm/Palm_Desktop Materials/LOD2/Fronds_2.mat
  artifactKey: Guid(9b49c2e157c705944beb6767e25cd742) Importer(815301076,1909f56bfc062723c751e8b465ee728b)
Start importing Assets/Assets(ingame)/Terrain/Standard Assets/Environment/SpeedTree/Palm/Palm_Desktop Materials/LOD2/Fronds_2.mat using Guid(9b49c2e157c705944beb6767e25cd742) Importer(815301076,1909f56bfc062723c751e8b465ee728b)  -> (artifact id: 'f5de73ca69e3ae2631c8cfc63e6f2798') in 0.009522 seconds 
========================================================================
Received Import Request.
  Time since last request: 0.000287 seconds.
  path: Assets/Assets(ingame)/terrain assets/ADG_Textures/ground_vol1/ground10/ground10.mat
  artifactKey: Guid(43d91cc396861f443b5574aef062e3d3) Importer(815301076,1909f56bfc062723c751e8b465ee728b)
Start importing Assets/Assets(ingame)/terrain assets/ADG_Textures/ground_vol1/ground10/ground10.mat using Guid(43d91cc396861f443b5574aef062e3d3) Importer(815301076,1909f56bfc062723c751e8b465ee728b)  -> (artifact id: '01dd41611a1a700ae22ba4713874c152') in 0.025262 seconds 
========================================================================
Received Import Request.
  Time since last request: 0.000258 seconds.
  path: Assets/Assets(ingame)/Terrain/Tom's Terrain Tools/Unity Terrain Assets/Materials/Forest Floor.mat
  artifactKey: Guid(f4af10e96a7ea354084ccd66598beddd) Importer(815301076,1909f56bfc062723c751e8b465ee728b)
Start importing Assets/Assets(ingame)/Terrain/Tom's Terrain Tools/Unity Terrain Assets/Materials/Forest Floor.mat using Guid(f4af10e96a7ea354084ccd66598beddd) Importer(815301076,1909f56bfc062723c751e8b465ee728b)  -> (artifact id: 'f214f954badf9408bf45dff7e6754e74') in 0.276018 seconds 
========================================================================
Received Import Request.
  Time since last request: 0.000161 seconds.
  path: Assets/Assets(ingame)/Terrain/Standard Assets/Environment/SpeedTree/Palm/Palm_Desktop Materials/LOD1/Fronds_2.mat
  artifactKey: Guid(654a2c1b911b36647b211a44a46e6d09) Importer(815301076,1909f56bfc062723c751e8b465ee728b)
Start importing Assets/Assets(ingame)/Terrain/Standard Assets/Environment/SpeedTree/Palm/Palm_Desktop Materials/LOD1/Fronds_2.mat using Guid(654a2c1b911b36647b211a44a46e6d09) Importer(815301076,1909f56bfc062723c751e8b465ee728b)  -> (artifact id: '531195b9bbeede91f4ef0aaca34d3f02') in 0.009461 seconds 
========================================================================
Received Import Request.
  Time since last request: 0.000149 seconds.
  path: Assets/Assets(ingame)/Terrain/Standard Assets/Environment/SpeedTree/Palm/Palm_Desktop Materials/LOD1/Branches_0.mat
  artifactKey: Guid(46160e8fc1456bc4d9fb3de64ba88c31) Importer(815301076,1909f56bfc062723c751e8b465ee728b)
Start importing Assets/Assets(ingame)/Terrain/Standard Assets/Environment/SpeedTree/Palm/Palm_Desktop Materials/LOD1/Branches_0.mat using Guid(46160e8fc1456bc4d9fb3de64ba88c31) Importer(815301076,1909f56bfc062723c751e8b465ee728b)  -> (artifact id: '865e26e911f152f2ebd795b8f744882e') in 0.049890 seconds 
========================================================================
Received Import Request.
  Time since last request: 0.000200 seconds.
  path: Assets/Assets(ingame)/Terrain/Standard Assets/Environment/SpeedTree/Broadleaf/Broadleaf_Desktop Materials/LOD2/Branches_1.mat
  artifactKey: Guid(639aa87a96d586c4e84838574ce20ca3) Importer(815301076,1909f56bfc062723c751e8b465ee728b)
Start importing Assets/Assets(ingame)/Terrain/Standard Assets/Environment/SpeedTree/Broadleaf/Broadleaf_Desktop Materials/LOD2/Branches_1.mat using Guid(639aa87a96d586c4e84838574ce20ca3) Importer(815301076,1909f56bfc062723c751e8b465ee728b)  -> (artifact id: '8f6a9f6253cccaf8f1a260c92d274449') in 0.010050 seconds 
========================================================================
Received Import Request.
  Time since last request: 0.000176 seconds.
  path: Assets/Assets(ingame)/Terrain/Standard Assets/Environment/SpeedTree/Palm/Palm_Desktop Materials/LOD2/Branches_0.mat
  artifactKey: Guid(5c6bda52f548c164381f24c22067e446) Importer(815301076,1909f56bfc062723c751e8b465ee728b)
Start importing Assets/Assets(ingame)/Terrain/Standard Assets/Environment/SpeedTree/Palm/Palm_Desktop Materials/LOD2/Branches_0.mat using Guid(5c6bda52f548c164381f24c22067e446) Importer(815301076,1909f56bfc062723c751e8b465ee728b)  -> (artifact id: '6ae1d05dfd4fc07b1aae62a849b9b54f') in 0.011696 seconds 
========================================================================
Received Import Request.
  Time since last request: 0.000208 seconds.
  path: Assets/Assets(ingame)/Terrain/Standard Assets/Environment/SpeedTree/Broadleaf/Broadleaf_Desktop Materials/LOD1/Branches_0.mat
  artifactKey: Guid(4be5b19d42487c24f830c4ee36849a95) Importer(815301076,1909f56bfc062723c751e8b465ee728b)
Start importing Assets/Assets(ingame)/Terrain/Standard Assets/Environment/SpeedTree/Broadleaf/Broadleaf_Desktop Materials/LOD1/Branches_0.mat using Guid(4be5b19d42487c24f830c4ee36849a95) Importer(815301076,1909f56bfc062723c751e8b465ee728b)  -> (artifact id: '988b4f62b910297e3f6be071b71accc1') in 0.045792 seconds 
========================================================================
Received Import Request.
  Time since last request: 0.000170 seconds.
  path: Assets/Assets(ingame)/terrain assets/Conifers [BOTD]/Render Pipeline Support/Built-in RP/Sources/Billboards/Conifer Medium_BillboardMaterial.mat
  artifactKey: Guid(fc87aa03e15b04f0e881cbf7847f77c4) Importer(815301076,1909f56bfc062723c751e8b465ee728b)
Start importing Assets/Assets(ingame)/terrain assets/Conifers [BOTD]/Render Pipeline Support/Built-in RP/Sources/Billboards/Conifer Medium_BillboardMaterial.mat using Guid(fc87aa03e15b04f0e881cbf7847f77c4) Importer(815301076,1909f56bfc062723c751e8b465ee728b)  -> (artifact id: '560a8ea653885f1f43a6e13afe0b6430') in 0.181309 seconds 
========================================================================
Received Import Request.
  Time since last request: 0.000154 seconds.
  path: Assets/Assets(ingame)/materials/background/Materials/entry.mat
  artifactKey: Guid(61057bb9f42484fcd851ca4e09723820) Importer(815301076,1909f56bfc062723c751e8b465ee728b)
Start importing Assets/Assets(ingame)/materials/background/Materials/entry.mat using Guid(61057bb9f42484fcd851ca4e09723820) Importer(815301076,1909f56bfc062723c751e8b465ee728b)  -> (artifact id: 'aff366eeb55696579d5d1d36eb93ffd3') in 0.009687 seconds 
========================================================================
Received Import Request.
  Time since last request: 0.000189 seconds.
  path: Assets/Assets(ingame)/Terrain/Standard Assets/Environment/SpeedTree/Broadleaf/Broadleaf_Mobile Materials/LOD0/Leaves_1.mat
  artifactKey: Guid(6c3b3265bf0f7e547a1ada8555f850a5) Importer(815301076,1909f56bfc062723c751e8b465ee728b)
Start importing Assets/Assets(ingame)/Terrain/Standard Assets/Environment/SpeedTree/Broadleaf/Broadleaf_Mobile Materials/LOD0/Leaves_1.mat using Guid(6c3b3265bf0f7e547a1ada8555f850a5) Importer(815301076,1909f56bfc062723c751e8b465ee728b)  -> (artifact id: 'b1a0bde336bfa2e269a7e061ef3fc280') in 0.015418 seconds 
========================================================================
Received Import Request.
  Time since last request: 0.000156 seconds.
  path: Assets/Assets(ingame)/Terrain/Standard Assets/Environment/SpeedTree/Conifer/Conifer_Desktop Materials/LOD1/Branches_0.mat
  artifactKey: Guid(54ee8e39b634b6d45aae528b6b24e879) Importer(815301076,1909f56bfc062723c751e8b465ee728b)
Start importing Assets/Assets(ingame)/Terrain/Standard Assets/Environment/SpeedTree/Conifer/Conifer_Desktop Materials/LOD1/Branches_0.mat using Guid(54ee8e39b634b6d45aae528b6b24e879) Importer(815301076,1909f56bfc062723c751e8b465ee728b)  -> (artifact id: '181a8bc2f5ecc43154e18b30614c9fef') in 0.010155 seconds 
========================================================================
Received Import Request.
  Time since last request: 0.000188 seconds.
  path: Assets/Assets(ingame)/terrain assets/ADG_Textures/ground_vol1/ground13/ground13.mat
  artifactKey: Guid(2785d3e261e963c4793fc5970256592e) Importer(815301076,1909f56bfc062723c751e8b465ee728b)
Start importing Assets/Assets(ingame)/terrain assets/ADG_Textures/ground_vol1/ground13/ground13.mat using Guid(2785d3e261e963c4793fc5970256592e) Importer(815301076,1909f56bfc062723c751e8b465ee728b)  -> (artifact id: '1e2f0be4f15a199df9de439dc0de7d8e') in 0.028808 seconds 
========================================================================
Received Import Request.
  Time since last request: 0.000192 seconds.
  path: Assets/Assets(ingame)/Terrain/Standard Assets/Environment/SpeedTree/Palm/Palm_Desktop Materials/LOD0/Fronds_2.mat
  artifactKey: Guid(1cb3f0c5c8637644dae1816a674f7e10) Importer(815301076,1909f56bfc062723c751e8b465ee728b)
Start importing Assets/Assets(ingame)/Terrain/Standard Assets/Environment/SpeedTree/Palm/Palm_Desktop Materials/LOD0/Fronds_2.mat using Guid(1cb3f0c5c8637644dae1816a674f7e10) Importer(815301076,1909f56bfc062723c751e8b465ee728b)  -> (artifact id: '2061f4bbc87be4a99aad314bafcc0ad5') in 0.008772 seconds 
========================================================================
Received Import Request.
  Time since last request: 0.000173 seconds.
  path: Assets/Assets(ingame)/Terrain/Standard Assets/Environment/SpeedTree/Broadleaf/Broadleaf_Mobile Materials/LOD1/Branches_0.mat
  artifactKey: Guid(1092dd21af768cb499771bf88709dbbd) Importer(815301076,1909f56bfc062723c751e8b465ee728b)
Start importing Assets/Assets(ingame)/Terrain/Standard Assets/Environment/SpeedTree/Broadleaf/Broadleaf_Mobile Materials/LOD1/Branches_0.mat using Guid(1092dd21af768cb499771bf88709dbbd) Importer(815301076,1909f56bfc062723c751e8b465ee728b)  -> (artifact id: 'eb587ad28245c218a47239b6b1893f5f') in 0.017233 seconds 
========================================================================
Received Import Request.
  Time since last request: 0.000166 seconds.
  path: Assets/Assets(ingame)/terrain assets/Conifers [BOTD]/Render Pipeline Support/Built-in RP/Sources/Materials/M Conifer Leaves BODT.mat
  artifactKey: Guid(086b89f98297d43a4ae1f80ebc88e938) Importer(815301076,1909f56bfc062723c751e8b465ee728b)
Start importing Assets/Assets(ingame)/terrain assets/Conifers [BOTD]/Render Pipeline Support/Built-in RP/Sources/Materials/M Conifer Leaves BODT.mat using Guid(086b89f98297d43a4ae1f80ebc88e938) Importer(815301076,1909f56bfc062723c751e8b465ee728b)  -> (artifact id: 'dd34b158adb569206dd118be57090560') in 0.053148 seconds 
========================================================================
Received Import Request.
  Time since last request: 0.000182 seconds.
  path: Assets/Assets(ingame)/Terrain/Standard Assets/Environment/SpeedTree/Broadleaf/Broadleaf_Desktop Materials/LOD0/Branches_1.mat
  artifactKey: Guid(e621ee108fde15148a5e4b4ab67667b9) Importer(815301076,1909f56bfc062723c751e8b465ee728b)
Start importing Assets/Assets(ingame)/Terrain/Standard Assets/Environment/SpeedTree/Broadleaf/Broadleaf_Desktop Materials/LOD0/Branches_1.mat using Guid(e621ee108fde15148a5e4b4ab67667b9) Importer(815301076,1909f56bfc062723c751e8b465ee728b)  -> (artifact id: 'd5a7ccd6ef751ee32d426bf8cf74bb82') in 0.008858 seconds 
========================================================================
Received Import Request.
  Time since last request: 0.000156 seconds.
  path: Assets/Assets(ingame)/Terrain/Standard Assets/Environment/SpeedTree/Broadleaf/Broadleaf_Desktop Materials/LOD1/Branches_1.mat
  artifactKey: Guid(97ad51f0a4aed0a4289f5462ce6dc18f) Importer(815301076,1909f56bfc062723c751e8b465ee728b)
Start importing Assets/Assets(ingame)/Terrain/Standard Assets/Environment/SpeedTree/Broadleaf/Broadleaf_Desktop Materials/LOD1/Branches_1.mat using Guid(97ad51f0a4aed0a4289f5462ce6dc18f) Importer(815301076,1909f56bfc062723c751e8b465ee728b)  -> (artifact id: 'ce656e4a7d6d1f0bedb7ce7dac3477e2') in 0.014669 seconds 
========================================================================
Received Import Request.
  Time since last request: 0.000170 seconds.
  path: Assets/Assets(ingame)/Terrain/Standard Assets/Environment/SpeedTree/Broadleaf/Broadleaf_Mobile Materials/LOD2/Branches_0.mat
  artifactKey: Guid(cd764ab8662bea6468202df8741bcfd3) Importer(815301076,1909f56bfc062723c751e8b465ee728b)
Start importing Assets/Assets(ingame)/Terrain/Standard Assets/Environment/SpeedTree/Broadleaf/Broadleaf_Mobile Materials/LOD2/Branches_0.mat using Guid(cd764ab8662bea6468202df8741bcfd3) Importer(815301076,1909f56bfc062723c751e8b465ee728b)  -> (artifact id: '8b95c19ec94dd02525a3a453af072830') in 0.008726 seconds 
========================================================================
Received Import Request.
  Time since last request: 0.000329 seconds.
  path: Assets/Assets(ingame)/Terrain/Standard Assets/Environment/SpeedTree/Conifer/Conifer_Desktop Materials/LOD0/Leaves_3.mat
  artifactKey: Guid(2bcb00d145ec17e4cad096cedfd84138) Importer(815301076,1909f56bfc062723c751e8b465ee728b)
Start importing Assets/Assets(ingame)/Terrain/Standard Assets/Environment/SpeedTree/Conifer/Conifer_Desktop Materials/LOD0/Leaves_3.mat using Guid(2bcb00d145ec17e4cad096cedfd84138) Importer(815301076,1909f56bfc062723c751e8b465ee728b)  -> (artifact id: '20b3db133d298aa5f53ee1a97c3358fa') in 0.009523 seconds 
========================================================================
Received Import Request.
  Time since last request: 0.000157 seconds.
  path: Assets/Assets(ingame)/terrain assets/Conifers [BOTD]/Render Pipeline Support/Built-in RP/Sources/Billboards/Conifer Small_BillboardMaterial.mat
  artifactKey: Guid(fba25871281c3416cbb4faf8edfb3a1c) Importer(815301076,1909f56bfc062723c751e8b465ee728b)
Start importing Assets/Assets(ingame)/terrain assets/Conifers [BOTD]/Render Pipeline Support/Built-in RP/Sources/Billboards/Conifer Small_BillboardMaterial.mat using Guid(fba25871281c3416cbb4faf8edfb3a1c) Importer(815301076,1909f56bfc062723c751e8b465ee728b)  -> (artifact id: '932f5f43fb5fe202a7f195926851e7a6') in 0.013175 seconds 
========================================================================
Received Import Request.
  Time since last request: 0.000132 seconds.
  path: Assets/Assets(ingame)/Terrain/Tom's Terrain Tools/Unity Terrain Assets/Trees Ambient-Occlusion/Materials/alder-alderbark.mat
  artifactKey: Guid(2e2c881dbd110e38a00062d88f962b59) Importer(815301076,1909f56bfc062723c751e8b465ee728b)
Start importing Assets/Assets(ingame)/Terrain/Tom's Terrain Tools/Unity Terrain Assets/Trees Ambient-Occlusion/Materials/alder-alderbark.mat using Guid(2e2c881dbd110e38a00062d88f962b59) Importer(815301076,1909f56bfc062723c751e8b465ee728b)  -> (artifact id: 'fc17731ef36bc128e02a2e39b2e4ef0b') in 0.013725 seconds 
========================================================================
Received Import Request.
  Time since last request: 0.000154 seconds.
  path: Assets/Assets(ingame)/Terrain/Standard Assets/Environment/SpeedTree/Palm/Palm_Desktop Materials/LOD0/Branches_0.mat
  artifactKey: Guid(39baceec69bb1ee4fb4194d50e1a6d10) Importer(815301076,1909f56bfc062723c751e8b465ee728b)
Start importing Assets/Assets(ingame)/Terrain/Standard Assets/Environment/SpeedTree/Palm/Palm_Desktop Materials/LOD0/Branches_0.mat using Guid(39baceec69bb1ee4fb4194d50e1a6d10) Importer(815301076,1909f56bfc062723c751e8b465ee728b)  -> (artifact id: '6299ac703f43ba61272f0e5ea0238e90') in 0.008628 seconds 
========================================================================
Received Import Request.
  Time since last request: 0.000185 seconds.
  path: Assets/Assets(ingame)/Terrain/Standard Assets/Environment/SpeedTree/Broadleaf/Broadleaf_Desktop Materials/LOD2/Leaves_3.mat
  artifactKey: Guid(355b3169750599e4f957a9d54675c3fa) Importer(815301076,1909f56bfc062723c751e8b465ee728b)
Start importing Assets/Assets(ingame)/Terrain/Standard Assets/Environment/SpeedTree/Broadleaf/Broadleaf_Desktop Materials/LOD2/Leaves_3.mat using Guid(355b3169750599e4f957a9d54675c3fa) Importer(815301076,1909f56bfc062723c751e8b465ee728b)  -> (artifact id: '331f04ac0ee8f0318cb4ad21e00087b5') in 0.009924 seconds 
========================================================================
Received Import Request.
  Time since last request: 0.000169 seconds.
  path: Assets/Assets(ingame)/Terrain/Tom's Terrain Tools/Unity Terrain Assets/Bushes/Materials/bush7.mat
  artifactKey: Guid(bc593cc7bd111f89a00081698f962b59) Importer(815301076,1909f56bfc062723c751e8b465ee728b)
Start importing Assets/Assets(ingame)/Terrain/Tom's Terrain Tools/Unity Terrain Assets/Bushes/Materials/bush7.mat using Guid(bc593cc7bd111f89a00081698f962b59) Importer(815301076,1909f56bfc062723c751e8b465ee728b)  -> (artifact id: '08f536cbc3d0d8e163d6fb756068a1e7') in 0.014275 seconds 
========================================================================
Received Import Request.
  Time since last request: 0.000162 seconds.
  path: Assets/Assets(ingame)/Terrain/Standard Assets/Environment/SpeedTree/Broadleaf/Broadleaf_Desktop Materials/LOD0/Leaves_3.mat
  artifactKey: Guid(19d7ece9e3def3745a0f6e75d984fdf6) Importer(815301076,1909f56bfc062723c751e8b465ee728b)
Start importing Assets/Assets(ingame)/Terrain/Standard Assets/Environment/SpeedTree/Broadleaf/Broadleaf_Desktop Materials/LOD0/Leaves_3.mat using Guid(19d7ece9e3def3745a0f6e75d984fdf6) Importer(815301076,1909f56bfc062723c751e8b465ee728b)  -> (artifact id: '1a47375f361cc853f512c9372271c80e') in 0.008699 seconds 
========================================================================
Received Import Request.
  Time since last request: 0.000248 seconds.
  path: Assets/Assets(ingame)/Terrain/Standard Assets/Environment/SpeedTree/Conifer/Conifer_Desktop Materials/LOD2/Leaves_3.mat
  artifactKey: Guid(c487fc8e98a2a42488a6c0a36ccaec27) Importer(815301076,1909f56bfc062723c751e8b465ee728b)
Start importing Assets/Assets(ingame)/Terrain/Standard Assets/Environment/SpeedTree/Conifer/Conifer_Desktop Materials/LOD2/Leaves_3.mat using Guid(c487fc8e98a2a42488a6c0a36ccaec27) Importer(815301076,1909f56bfc062723c751e8b465ee728b)  -> (artifact id: '0125560440bed81e4947d1aa94d9888c') in 0.009589 seconds 
========================================================================
Received Import Request.
  Time since last request: 0.000236 seconds.
  path: Assets/Assets(ingame)/Terrain/Standard Assets/Environment/SpeedTree/Broadleaf/Broadleaf_Desktop Materials/LOD2/FacingLeaves_4.mat
  artifactKey: Guid(d5222114580affc49a2af92470232e23) Importer(815301076,1909f56bfc062723c751e8b465ee728b)
Start importing Assets/Assets(ingame)/Terrain/Standard Assets/Environment/SpeedTree/Broadleaf/Broadleaf_Desktop Materials/LOD2/FacingLeaves_4.mat using Guid(d5222114580affc49a2af92470232e23) Importer(815301076,1909f56bfc062723c751e8b465ee728b)  -> (artifact id: '6515210fd83167a5d24e0a36ec90add2') in 0.012740 seconds 
========================================================================
Received Import Request.
  Time since last request: 0.000150 seconds.
  path: Assets/Assets(ingame)/Terrain/Tom's Terrain Tools/Unity Terrain Assets/Bushes/Materials/bush5.mat
  artifactKey: Guid(2b0d052fbd110f89a00081698f962b59) Importer(815301076,1909f56bfc062723c751e8b465ee728b)
Start importing Assets/Assets(ingame)/Terrain/Tom's Terrain Tools/Unity Terrain Assets/Bushes/Materials/bush5.mat using Guid(2b0d052fbd110f89a00081698f962b59) Importer(815301076,1909f56bfc062723c751e8b465ee728b)  -> (artifact id: 'a51ecfb7838db146e6f8c0f6056ee720') in 0.009323 seconds 
========================================================================
Received Import Request.
  Time since last request: 0.000162 seconds.
  path: Assets/Assets(ingame)/Terrain/Standard Assets/Environment/SpeedTree/Conifer/Conifer_Desktop Materials/LOD2/Branches_0.mat
  artifactKey: Guid(dffa6c1325fd30b41819f03be58b91e7) Importer(815301076,1909f56bfc062723c751e8b465ee728b)
Start importing Assets/Assets(ingame)/Terrain/Standard Assets/Environment/SpeedTree/Conifer/Conifer_Desktop Materials/LOD2/Branches_0.mat using Guid(dffa6c1325fd30b41819f03be58b91e7) Importer(815301076,1909f56bfc062723c751e8b465ee728b)  -> (artifact id: 'c46b68c1bf10b131bcb50bc807ec1f2f') in 0.008824 seconds 
========================================================================
Received Import Request.
  Time since last request: 0.000162 seconds.
  path: Assets/Assets(ingame)/Terrain/Standard Assets/Environment/SpeedTree/Palm/Palm_Desktop Materials/Billboard.mat
  artifactKey: Guid(6e680dda9368db5418f19388474277a2) Importer(815301076,1909f56bfc062723c751e8b465ee728b)
Start importing Assets/Assets(ingame)/Terrain/Standard Assets/Environment/SpeedTree/Palm/Palm_Desktop Materials/Billboard.mat using Guid(6e680dda9368db5418f19388474277a2) Importer(815301076,1909f56bfc062723c751e8b465ee728b)  -> (artifact id: '594e1bedf56fde0dcfbba840d45b2314') in 0.013478 seconds 
========================================================================
Received Import Request.
  Time since last request: 0.000231 seconds.
  path: Assets/Assets(ingame)/Terrain/Standard Assets/Environment/SpeedTree/Broadleaf/Broadleaf_Desktop Materials/LOD0/FacingLeaves_4.mat
  artifactKey: Guid(d5b20def9c5c05748a01627738b94531) Importer(815301076,1909f56bfc062723c751e8b465ee728b)
Start importing Assets/Assets(ingame)/Terrain/Standard Assets/Environment/SpeedTree/Broadleaf/Broadleaf_Desktop Materials/LOD0/FacingLeaves_4.mat using Guid(d5b20def9c5c05748a01627738b94531) Importer(815301076,1909f56bfc062723c751e8b465ee728b)  -> (artifact id: '3888dd06235b1ba93d461bbf713bdf03') in 0.008818 seconds 
========================================================================
Received Import Request.
  Time since last request: 0.000199 seconds.
  path: Assets/Assets(ingame)/Terrain/Standard Assets/Environment/SpeedTree/Broadleaf/Broadleaf_Desktop Materials/LOD2/Fronds_2.mat
  artifactKey: Guid(ee0b78d572fcec249860ad38970b7888) Importer(815301076,1909f56bfc062723c751e8b465ee728b)
Start importing Assets/Assets(ingame)/Terrain/Standard Assets/Environment/SpeedTree/Broadleaf/Broadleaf_Desktop Materials/LOD2/Fronds_2.mat using Guid(ee0b78d572fcec249860ad38970b7888) Importer(815301076,1909f56bfc062723c751e8b465ee728b)  -> (artifact id: 'a626f3ad949445172a9404ed45281b33') in 0.009436 seconds 
========================================================================
Received Import Request.
  Time since last request: 0.000187 seconds.
  path: Assets/Assets(ingame)/terrain assets/ADG_Textures/ground_vol1/ground3/ground3.mat
  artifactKey: Guid(594c9e2618b97d542bae8e47e544b7f1) Importer(815301076,1909f56bfc062723c751e8b465ee728b)
Start importing Assets/Assets(ingame)/terrain assets/ADG_Textures/ground_vol1/ground3/ground3.mat using Guid(594c9e2618b97d542bae8e47e544b7f1) Importer(815301076,1909f56bfc062723c751e8b465ee728b)  -> (artifact id: '9f34983546ce511ca8274dccfc88cce9') in 0.132293 seconds 
========================================================================
Received Import Request.
  Time since last request: 0.000202 seconds.
  path: Assets/Assets(ingame)/terrain assets/ADG_Textures/ground_vol1/ground6/ground6.mat
  artifactKey: Guid(ae29ac02d08992344b9095971167e1c6) Importer(815301076,1909f56bfc062723c751e8b465ee728b)
Start importing Assets/Assets(ingame)/terrain assets/ADG_Textures/ground_vol1/ground6/ground6.mat using Guid(ae29ac02d08992344b9095971167e1c6) Importer(815301076,1909f56bfc062723c751e8b465ee728b)  -> (artifact id: '216b266082b040d074d9e3d317b32711') in 0.021053 seconds 
========================================================================
Received Import Request.
  Time since last request: 0.000174 seconds.
  path: Assets/Assets(ingame)/Terrain/Standard Assets/Environment/SpeedTree/Broadleaf/Broadleaf_Desktop Materials/LOD0/Branches_0.mat
  artifactKey: Guid(89bc4a04979629642988a379a429608a) Importer(815301076,1909f56bfc062723c751e8b465ee728b)
Start importing Assets/Assets(ingame)/Terrain/Standard Assets/Environment/SpeedTree/Broadleaf/Broadleaf_Desktop Materials/LOD0/Branches_0.mat using Guid(89bc4a04979629642988a379a429608a) Importer(815301076,1909f56bfc062723c751e8b465ee728b)  -> (artifact id: 'f5034a5ccdf8524feed7ad9dcc3f5c57') in 0.010909 seconds 
========================================================================
Received Import Request.
  Time since last request: 0.000256 seconds.
  path: Assets/Assets(ingame)/Terrain/Standard Assets/Environment/SpeedTree/Broadleaf/Broadleaf_Mobile Materials/LOD1/Leaves_1.mat
  artifactKey: Guid(a940b48d553d9c74f9ca0a3b4cf74336) Importer(815301076,1909f56bfc062723c751e8b465ee728b)
Start importing Assets/Assets(ingame)/Terrain/Standard Assets/Environment/SpeedTree/Broadleaf/Broadleaf_Mobile Materials/LOD1/Leaves_1.mat using Guid(a940b48d553d9c74f9ca0a3b4cf74336) Importer(815301076,1909f56bfc062723c751e8b465ee728b)  -> (artifact id: 'ffccd7738666f15574cf1c19343426c7') in 0.012924 seconds 
========================================================================
Received Import Request.
  Time since last request: 0.000171 seconds.
  path: Assets/Assets(ingame)/terrain assets/ADG_Textures/ground_vol1/ground12/ground12.mat
  artifactKey: Guid(43f38029a9368894a9fb4dd19ce0bfcd) Importer(815301076,1909f56bfc062723c751e8b465ee728b)
Start importing Assets/Assets(ingame)/terrain assets/ADG_Textures/ground_vol1/ground12/ground12.mat using Guid(43f38029a9368894a9fb4dd19ce0bfcd) Importer(815301076,1909f56bfc062723c751e8b465ee728b)  -> (artifact id: 'a4154c41a21955c062b6e829d16bd3a1') in 0.025964 seconds 
========================================================================
Received Import Request.
  Time since last request: 0.000130 seconds.
  path: Assets/Assets(ingame)/Terrain/Standard Assets/Environment/SpeedTree/Palm/Palm_Desktop Materials/LOD0/Branches_1.mat
  artifactKey: Guid(fa40ba727cdc90245aac11f0ff5ead8e) Importer(815301076,1909f56bfc062723c751e8b465ee728b)
Start importing Assets/Assets(ingame)/Terrain/Standard Assets/Environment/SpeedTree/Palm/Palm_Desktop Materials/LOD0/Branches_1.mat using Guid(fa40ba727cdc90245aac11f0ff5ead8e) Importer(815301076,1909f56bfc062723c751e8b465ee728b)  -> (artifact id: '0fc1e226db3cef4550299ca7ca2b2d13') in 0.012438 seconds 
========================================================================
Received Import Request.
  Time since last request: 0.000163 seconds.
  path: Assets/Assets(ingame)/Terrain/Standard Assets/Environment/SpeedTree/Conifer/Conifer_Desktop Materials/LOD2/Branches_1.mat
  artifactKey: Guid(57df284b8a7c87b4894ac5f9c86e0be9) Importer(815301076,1909f56bfc062723c751e8b465ee728b)
Start importing Assets/Assets(ingame)/Terrain/Standard Assets/Environment/SpeedTree/Conifer/Conifer_Desktop Materials/LOD2/Branches_1.mat using Guid(57df284b8a7c87b4894ac5f9c86e0be9) Importer(815301076,1909f56bfc062723c751e8b465ee728b)  -> (artifact id: 'e729fb3aada8b2c4ca82b18dc90924a7') in 0.008078 seconds 
========================================================================
Received Import Request.
  Time since last request: 0.000229 seconds.
  path: Assets/Assets(ingame)/Terrain/Standard Assets/Environment/SpeedTree/Conifer/Conifer_Desktop Materials/LOD0/Branches_0.mat
  artifactKey: Guid(d4880c932a8e12b48a3039233e9634a0) Importer(815301076,1909f56bfc062723c751e8b465ee728b)
Start importing Assets/Assets(ingame)/Terrain/Standard Assets/Environment/SpeedTree/Conifer/Conifer_Desktop Materials/LOD0/Branches_0.mat using Guid(d4880c932a8e12b48a3039233e9634a0) Importer(815301076,1909f56bfc062723c751e8b465ee728b)  -> (artifact id: '6f696d862dd95f1f32ef014e11610ba9') in 0.009952 seconds 
========================================================================
Received Import Request.
  Time since last request: 0.000147 seconds.
  path: Assets/Assets(ingame)/Terrain/Standard Assets/Environment/SpeedTree/Palm/Palm_Desktop Materials/LOD1/Leaves_3.mat
  artifactKey: Guid(9cc6d6e9e3fe9154890a6f9caa77c955) Importer(815301076,1909f56bfc062723c751e8b465ee728b)
Start importing Assets/Assets(ingame)/Terrain/Standard Assets/Environment/SpeedTree/Palm/Palm_Desktop Materials/LOD1/Leaves_3.mat using Guid(9cc6d6e9e3fe9154890a6f9caa77c955) Importer(815301076,1909f56bfc062723c751e8b465ee728b)  -> (artifact id: '1ed17920a67bfcfc8f2cd182758657a1') in 0.013162 seconds 
========================================================================
Received Import Request.
  Time since last request: 0.000167 seconds.
  path: Assets/Assets(ingame)/Terrain/Standard Assets/Environment/SpeedTree/Conifer/Conifer_Desktop Materials/LOD0/Fronds_2.mat
  artifactKey: Guid(0aa00c0212e047047aa5a1ce93b07f49) Importer(815301076,1909f56bfc062723c751e8b465ee728b)
Start importing Assets/Assets(ingame)/Terrain/Standard Assets/Environment/SpeedTree/Conifer/Conifer_Desktop Materials/LOD0/Fronds_2.mat using Guid(0aa00c0212e047047aa5a1ce93b07f49) Importer(815301076,1909f56bfc062723c751e8b465ee728b)  -> (artifact id: '72e7ec33016919fe9c00c8ead9567788') in 0.009196 seconds 
========================================================================
Received Import Request.
  Time since last request: 0.000273 seconds.
  path: Assets/Assets(ingame)/Terrain/Standard Assets/Environment/SpeedTree/Conifer/Conifer_Desktop Materials/Billboard.mat
  artifactKey: Guid(e625f56663597ef4899f86b588b4d506) Importer(815301076,1909f56bfc062723c751e8b465ee728b)
Start importing Assets/Assets(ingame)/Terrain/Standard Assets/Environment/SpeedTree/Conifer/Conifer_Desktop Materials/Billboard.mat using Guid(e625f56663597ef4899f86b588b4d506) Importer(815301076,1909f56bfc062723c751e8b465ee728b)  -> (artifact id: 'b345c23798672c2db24bee9587e72df9') in 0.010800 seconds 
========================================================================
Received Import Request.
  Time since last request: 0.000189 seconds.
  path: Assets/Assets(ingame)/terrain assets/ADG_Textures/ground_vol1/ground4/ground4.mat
  artifactKey: Guid(58621eb9da53bb648ab64c4982c9d407) Importer(815301076,1909f56bfc062723c751e8b465ee728b)
Start importing Assets/Assets(ingame)/terrain assets/ADG_Textures/ground_vol1/ground4/ground4.mat using Guid(58621eb9da53bb648ab64c4982c9d407) Importer(815301076,1909f56bfc062723c751e8b465ee728b)  -> (artifact id: '240541c42b26033d234dae216dfd4439') in 0.014643 seconds 
========================================================================
Received Import Request.
  Time since last request: 0.000198 seconds.
  path: Assets/Assets(ingame)/Terrain/Standard Assets/Environment/SpeedTree/Conifer/Conifer_Desktop Materials/LOD1/Branches_1.mat
  artifactKey: Guid(fecc9f713338e4943a8c38775af8c046) Importer(815301076,1909f56bfc062723c751e8b465ee728b)
Start importing Assets/Assets(ingame)/Terrain/Standard Assets/Environment/SpeedTree/Conifer/Conifer_Desktop Materials/LOD1/Branches_1.mat using Guid(fecc9f713338e4943a8c38775af8c046) Importer(815301076,1909f56bfc062723c751e8b465ee728b)  -> (artifact id: 'b3e9461ab40937a2fe3298b893f30e70') in 0.011317 seconds 
========================================================================
Received Import Request.
  Time since last request: 0.000178 seconds.
  path: Assets/Assets(ingame)/Terrain/Standard Assets/Environment/SpeedTree/Broadleaf/Broadleaf_Mobile Materials/LOD0/Branches_0.mat
  artifactKey: Guid(bfc1dabf45016eb46b99df1a78054924) Importer(815301076,1909f56bfc062723c751e8b465ee728b)
Start importing Assets/Assets(ingame)/Terrain/Standard Assets/Environment/SpeedTree/Broadleaf/Broadleaf_Mobile Materials/LOD0/Branches_0.mat using Guid(bfc1dabf45016eb46b99df1a78054924) Importer(815301076,1909f56bfc062723c751e8b465ee728b)  -> (artifact id: '6ef8c00d5a26ee597551b12332823ef0') in 0.008062 seconds 
========================================================================
Received Import Request.
  Time since last request: 0.000165 seconds.
  path: Assets/Assets(ingame)/Terrain/Standard Assets/Environment/SpeedTree/Broadleaf/Broadleaf_Desktop Materials/LOD2/Branches_0.mat
  artifactKey: Guid(b0d5705176a0d36419d034e2ea46491a) Importer(815301076,1909f56bfc062723c751e8b465ee728b)
Start importing Assets/Assets(ingame)/Terrain/Standard Assets/Environment/SpeedTree/Broadleaf/Broadleaf_Desktop Materials/LOD2/Branches_0.mat using Guid(b0d5705176a0d36419d034e2ea46491a) Importer(815301076,1909f56bfc062723c751e8b465ee728b)  -> (artifact id: '2a7092b9e10d34e5533f9f83b3d121ef') in 0.010263 seconds 
========================================================================
Received Import Request.
  Time since last request: 0.000159 seconds.
  path: Assets/Assets(ingame)/Terrain/Standard Assets/Environment/SpeedTree/Broadleaf/Broadleaf_Desktop Materials/Billboard.mat
  artifactKey: Guid(d68104aea3d1d084385a1acc7c896247) Importer(815301076,1909f56bfc062723c751e8b465ee728b)
Start importing Assets/Assets(ingame)/Terrain/Standard Assets/Environment/SpeedTree/Broadleaf/Broadleaf_Desktop Materials/Billboard.mat using Guid(d68104aea3d1d084385a1acc7c896247) Importer(815301076,1909f56bfc062723c751e8b465ee728b)  -> (artifact id: 'fd9905c56f633a2fa6f16c018869d862') in 0.010839 seconds 
========================================================================
Received Import Request.
  Time since last request: 0.000231 seconds.
  path: Assets/Assets(ingame)/terrain assets/Conifers [BOTD]/Render Pipeline Support/Built-in RP/Sources/Materials/M Conifer Bark Simple BODT.mat
  artifactKey: Guid(fcbc9e998124d414da7cb0d951f649a3) Importer(815301076,1909f56bfc062723c751e8b465ee728b)
Start importing Assets/Assets(ingame)/terrain assets/Conifers [BOTD]/Render Pipeline Support/Built-in RP/Sources/Materials/M Conifer Bark Simple BODT.mat using Guid(fcbc9e998124d414da7cb0d951f649a3) Importer(815301076,1909f56bfc062723c751e8b465ee728b)  -> (artifact id: 'a7923c869d97353db8b0e9a853411440') in 0.043699 seconds 
========================================================================
Received Import Request.
  Time since last request: 0.000200 seconds.
  path: Assets/Assets(ingame)/terrain assets/Conifers [BOTD]/Render Pipeline Support/Built-in RP/Sources/Billboards/Conifer Tall_BillboardMaterial.mat
  artifactKey: Guid(cb64c4536ee5b445783c428f4a53af1c) Importer(815301076,1909f56bfc062723c751e8b465ee728b)
Start importing Assets/Assets(ingame)/terrain assets/Conifers [BOTD]/Render Pipeline Support/Built-in RP/Sources/Billboards/Conifer Tall_BillboardMaterial.mat using Guid(cb64c4536ee5b445783c428f4a53af1c) Importer(815301076,1909f56bfc062723c751e8b465ee728b)  -> (artifact id: '8a842bd2c7fe7df202f1cf22a5950386') in 0.010941 seconds 
========================================================================
Received Import Request.
  Time since last request: 0.000231 seconds.
  path: Assets/Assets(ingame)/Terrain/Tom's Terrain Tools/Unity Terrain Assets/Trees Ambient-Occlusion/Materials/alderbranches.mat
  artifactKey: Guid(2b4c881dbd110e38a00062d88f962b59) Importer(815301076,1909f56bfc062723c751e8b465ee728b)
Start importing Assets/Assets(ingame)/Terrain/Tom's Terrain Tools/Unity Terrain Assets/Trees Ambient-Occlusion/Materials/alderbranches.mat using Guid(2b4c881dbd110e38a00062d88f962b59) Importer(815301076,1909f56bfc062723c751e8b465ee728b)  -> (artifact id: 'a89ea16c45aff08d138ddb950cddc049') in 0.013077 seconds 
========================================================================
Received Import Request.
  Time since last request: 0.000211 seconds.
  path: Assets/Assets(ingame)/materials/background/Materials/aa5fe8f7d8128ba030b4b8ac1cde3a09.mat
  artifactKey: Guid(588683912d830402b9d1a7f1ec3d0b52) Importer(815301076,1909f56bfc062723c751e8b465ee728b)
Start importing Assets/Assets(ingame)/materials/background/Materials/aa5fe8f7d8128ba030b4b8ac1cde3a09.mat using Guid(588683912d830402b9d1a7f1ec3d0b52) Importer(815301076,1909f56bfc062723c751e8b465ee728b)  -> (artifact id: '2a4497dc13c90318ed5cac4798accbe2') in 0.008960 seconds 
========================================================================
Received Import Request.
  Time since last request: 0.000343 seconds.
  path: Assets/Assets(ingame)/Terrain/Standard Assets/Environment/SpeedTree/Broadleaf/Broadleaf_Desktop Materials/LOD0/Fronds_2.mat
  artifactKey: Guid(e6a8e6ae86a5b904eb64f573f145ecde) Importer(815301076,1909f56bfc062723c751e8b465ee728b)
Start importing Assets/Assets(ingame)/Terrain/Standard Assets/Environment/SpeedTree/Broadleaf/Broadleaf_Desktop Materials/LOD0/Fronds_2.mat using Guid(e6a8e6ae86a5b904eb64f573f145ecde) Importer(815301076,1909f56bfc062723c751e8b465ee728b)  -> (artifact id: 'f4d0026a135f0f5bf70e4bb07dc09652') in 0.009519 seconds 
========================================================================
Received Import Request.
  Time since last request: 0.000191 seconds.
  path: Assets/Assets(ingame)/terrain assets/ADG_Textures/ground_vol1/ground7/ground7.mat
  artifactKey: Guid(9b2d9ffb6a28d244e8e9025b4a87f779) Importer(815301076,1909f56bfc062723c751e8b465ee728b)
Start importing Assets/Assets(ingame)/terrain assets/ADG_Textures/ground_vol1/ground7/ground7.mat using Guid(9b2d9ffb6a28d244e8e9025b4a87f779) Importer(815301076,1909f56bfc062723c751e8b465ee728b)  -> (artifact id: '3656d28937452c461168ceec1ebe141b') in 0.023467 seconds 
========================================================================
Received Import Request.
  Time since last request: 0.000196 seconds.
  path: Assets/Assets(ingame)/Terrain/Standard Assets/Environment/SpeedTree/Broadleaf/Broadleaf_Desktop Materials/LOD1/Leaves_3.mat
  artifactKey: Guid(21b01056ea59b814f9ae15d8e6bb3aac) Importer(815301076,1909f56bfc062723c751e8b465ee728b)
Start importing Assets/Assets(ingame)/Terrain/Standard Assets/Environment/SpeedTree/Broadleaf/Broadleaf_Desktop Materials/LOD1/Leaves_3.mat using Guid(21b01056ea59b814f9ae15d8e6bb3aac) Importer(815301076,1909f56bfc062723c751e8b465ee728b)  -> (artifact id: '40df15478dca3f20e36653398f234f07') in 0.011748 seconds 
========================================================================
Received Import Request.
  Time since last request: 0.000206 seconds.
  path: Assets/Assets(ingame)/terrain assets/Conifers [BOTD]/Render Pipeline Support/Built-in RP/Sources/Billboards/Conifer Bare_BillboardMaterial.mat
  artifactKey: Guid(be7cd6e9ad58a462a91b1cae7694ef4c) Importer(815301076,1909f56bfc062723c751e8b465ee728b)
Start importing Assets/Assets(ingame)/terrain assets/Conifers [BOTD]/Render Pipeline Support/Built-in RP/Sources/Billboards/Conifer Bare_BillboardMaterial.mat using Guid(be7cd6e9ad58a462a91b1cae7694ef4c) Importer(815301076,1909f56bfc062723c751e8b465ee728b)  -> (artifact id: 'd086a42d25981a7563e4e9fbdf78b5be') in 0.015086 seconds 
========================================================================
Received Import Request.
  Time since last request: 0.000180 seconds.
  path: Assets/Assets(ingame)/terrain assets/ADG_Textures/ground_vol1/ground9/ground9.mat
  artifactKey: Guid(808ad643de188e240b57498ca61b98a8) Importer(815301076,1909f56bfc062723c751e8b465ee728b)
Start importing Assets/Assets(ingame)/terrain assets/ADG_Textures/ground_vol1/ground9/ground9.mat using Guid(808ad643de188e240b57498ca61b98a8) Importer(815301076,1909f56bfc062723c751e8b465ee728b)  -> (artifact id: '51d57b9e435e19da3e484057df2518e7') in 0.024614 seconds 
========================================================================
Received Import Request.
  Time since last request: 0.000239 seconds.
  path: Assets/Assets(ingame)/terrain assets/ADG_Textures/ground_vol1/ground2/ground2.mat
  artifactKey: Guid(88d4b65b6d484a1459f780db4b3edd0d) Importer(815301076,1909f56bfc062723c751e8b465ee728b)
Start importing Assets/Assets(ingame)/terrain assets/ADG_Textures/ground_vol1/ground2/ground2.mat using Guid(88d4b65b6d484a1459f780db4b3edd0d) Importer(815301076,1909f56bfc062723c751e8b465ee728b)  -> (artifact id: '7d0cb72b567a7fda7b82ec4bebf8c5e7') in 0.014791 seconds 
========================================================================
Received Import Request.
  Time since last request: 0.000161 seconds.
  path: Assets/Assets(ingame)/Terrain/Standard Assets/Environment/SpeedTree/Conifer/Conifer_Desktop Materials/LOD0/Branches_1.mat
  artifactKey: Guid(fdb77c3917027234db7a7792019eda2e) Importer(815301076,1909f56bfc062723c751e8b465ee728b)
Start importing Assets/Assets(ingame)/Terrain/Standard Assets/Environment/SpeedTree/Conifer/Conifer_Desktop Materials/LOD0/Branches_1.mat using Guid(fdb77c3917027234db7a7792019eda2e) Importer(815301076,1909f56bfc062723c751e8b465ee728b)  -> (artifact id: '3967f62a69e28d002878a1397238dd2f') in 0.009090 seconds 
========================================================================
Received Import Request.
  Time since last request: 0.000202 seconds.
  path: Assets/Assets(ingame)/terrain assets/ADG_Textures/ground_vol1/ground8/ground8.mat
  artifactKey: Guid(57208e3c02c59dc4bba6832237467e57) Importer(815301076,1909f56bfc062723c751e8b465ee728b)
Start importing Assets/Assets(ingame)/terrain assets/ADG_Textures/ground_vol1/ground8/ground8.mat using Guid(57208e3c02c59dc4bba6832237467e57) Importer(815301076,1909f56bfc062723c751e8b465ee728b)  -> (artifact id: 'fec3670851c5ce8742faeae95382013d') in 0.023825 seconds 
========================================================================
Received Import Request.
  Time since last request: 0.000190 seconds.
  path: Assets/Assets(ingame)/terrain assets/ADG_Textures/ground_vol1/ground11/ground11.mat
  artifactKey: Guid(0b9b69ec22bd9824dbcacaf79a566cdc) Importer(815301076,1909f56bfc062723c751e8b465ee728b)
Start importing Assets/Assets(ingame)/terrain assets/ADG_Textures/ground_vol1/ground11/ground11.mat using Guid(0b9b69ec22bd9824dbcacaf79a566cdc) Importer(815301076,1909f56bfc062723c751e8b465ee728b)  -> (artifact id: '80b386b4cc9f4581355891b8ae567967') in 0.027341 seconds 
========================================================================
Received Import Request.
  Time since last request: 0.000184 seconds.
  path: Assets/Assets(ingame)/Terrain/Standard Assets/Environment/SpeedTree/Broadleaf/Broadleaf_Desktop Materials/LOD1/FacingLeaves_4.mat
  artifactKey: Guid(9938463bcd729fe41b4937cb6d2d692b) Importer(815301076,1909f56bfc062723c751e8b465ee728b)
Start importing Assets/Assets(ingame)/Terrain/Standard Assets/Environment/SpeedTree/Broadleaf/Broadleaf_Desktop Materials/LOD1/FacingLeaves_4.mat using Guid(9938463bcd729fe41b4937cb6d2d692b) Importer(815301076,1909f56bfc062723c751e8b465ee728b)  -> (artifact id: 'f2e3501252f2a093297d21e9a5ff9b20') in 0.009147 seconds 
========================================================================
Received Import Request.
  Time since last request: 0.000156 seconds.
  path: Assets/Assets(ingame)/terrain assets/ADG_Textures/ground_vol1/ground14/ground14.mat
  artifactKey: Guid(3b7bee62bfdf81742a7e944ddd698742) Importer(815301076,1909f56bfc062723c751e8b465ee728b)
Start importing Assets/Assets(ingame)/terrain assets/ADG_Textures/ground_vol1/ground14/ground14.mat using Guid(3b7bee62bfdf81742a7e944ddd698742) Importer(815301076,1909f56bfc062723c751e8b465ee728b)  -> (artifact id: '673f9f65384de725588fa22ff1f1ab7d') in 0.022932 seconds 
========================================================================
Received Import Request.
  Time since last request: 215.769104 seconds.
  path: Assets/Assets(ingame)/materials/background/entry skybox/882548.jpg
  artifactKey: Guid(122b29e65031849c684c5456dbf46936) Importer(815301076,1909f56bfc062723c751e8b465ee728b)
Start importing Assets/Assets(ingame)/materials/background/entry skybox/882548.jpg using Guid(122b29e65031849c684c5456dbf46936) Importer(815301076,1909f56bfc062723c751e8b465ee728b)  -> (artifact id: '87ab153041050dca012d71155be11099') in 0.033672 seconds 
========================================================================
Received Import Request.
  Time since last request: 12.849328 seconds.
  path: Assets/Assets(ingame)/materials/background/entry skybox/882548.jpg
  artifactKey: Guid(122b29e65031849c684c5456dbf46936) Importer(815301076,1909f56bfc062723c751e8b465ee728b)
Start importing Assets/Assets(ingame)/materials/background/entry skybox/882548.jpg using Guid(122b29e65031849c684c5456dbf46936) Importer(815301076,1909f56bfc062723c751e8b465ee728b)  -> (artifact id: '56240a54835af90cc79e9560994741bf') in 0.025664 seconds 
========================================================================
Received Import Request.
  Time since last request: 126.067044 seconds.
  path: Assets/my ground.terrainlayer
  artifactKey: Guid(e0ccec7fea16c473eabe51ffbdee1c8f) Importer(815301076,1909f56bfc062723c751e8b465ee728b)
Start importing Assets/my ground.terrainlayer using Guid(e0ccec7fea16c473eabe51ffbdee1c8f) Importer(815301076,1909f56bfc062723c751e8b465ee728b)  -> (artifact id: '209f58fbcc189a51fff1e0e1cf692406') in 0.156710 seconds 
========================================================================
Received Import Request.
  Time since last request: 0.000242 seconds.
  path: Assets/top layer 2.terrainlayer
  artifactKey: Guid(90e5565e424fa4c15b6847b640f9cc08) Importer(815301076,1909f56bfc062723c751e8b465ee728b)
Start importing Assets/top layer 2.terrainlayer using Guid(90e5565e424fa4c15b6847b640f9cc08) Importer(815301076,1909f56bfc062723c751e8b465ee728b)  -> (artifact id: 'e198c11bab8fadb96ab6ac45950a9942') in 0.014857 seconds 
========================================================================
Received Import Request.
  Time since last request: 0.000187 seconds.
  path: Assets/top layer 1.terrainlayer
  artifactKey: Guid(56761a9d1894c43ff9a12a63e87a87e1) Importer(815301076,1909f56bfc062723c751e8b465ee728b)
Start importing Assets/top layer 1.terrainlayer using Guid(56761a9d1894c43ff9a12a63e87a87e1) Importer(815301076,1909f56bfc062723c751e8b465ee728b)  -> (artifact id: 'bb2dc4f2e3849aeef80d74280c5f8f24') in 0.023743 seconds 
========================================================================
Received Import Request.
  Time since last request: 2.299280 seconds.
  path: Assets/Assets(ingame)/characters/New Terrain.asset
  artifactKey: Guid(b0b2b758c0704479aaeccb01f02ef384) Importer(815301076,1909f56bfc062723c751e8b465ee728b)
Start importing Assets/Assets(ingame)/characters/New Terrain.asset using Guid(b0b2b758c0704479aaeccb01f02ef384) Importer(815301076,1909f56bfc062723c751e8b465ee728b)  -> (artifact id: 'ace80e252c5b16091c36042e2023f1a8') in 0.095740 seconds 
========================================================================
Received Import Request.
  Time since last request: 21.094361 seconds.
  path: Assets/Assets(ingame)/materials/background/DinV/Dynamic Space Background/Sprites/New Material.mat
  artifactKey: Guid(5193c22af4ea24e2298359139d102392) Importer(815301076,1909f56bfc062723c751e8b465ee728b)
Start importing Assets/Assets(ingame)/materials/background/DinV/Dynamic Space Background/Sprites/New Material.mat using Guid(5193c22af4ea24e2298359139d102392) Importer(815301076,1909f56bfc062723c751e8b465ee728b)  -> (artifact id: 'd7cbb7ee3bbd316cbd6ab07c783f700b') in 0.015048 seconds 
========================================================================
Received Import Request.
  Time since last request: 37.456757 seconds.
  path: Assets/Assets(ingame)/materials/background/Materials
  artifactKey: Guid(a6850c4d07f5546939961d87381cb2ef) Importer(815301076,1909f56bfc062723c751e8b465ee728b)
Start importing Assets/Assets(ingame)/materials/background/Materials using Guid(a6850c4d07f5546939961d87381cb2ef) Importer(815301076,1909f56bfc062723c751e8b465ee728b)  -> (artifact id: '95dddc8d16e834eb5ea59c7b64456036') in 0.001708 seconds 
========================================================================
Received Import Request.
  Time since last request: 34.895205 seconds.
  path: Assets/Assets(ingame)/materials/background/entry skybox/bg.mat
  artifactKey: Guid(70184c3b769a7478c8f95baafc7544d8) Importer(815301076,1909f56bfc062723c751e8b465ee728b)
Start importing Assets/Assets(ingame)/materials/background/entry skybox/bg.mat using Guid(70184c3b769a7478c8f95baafc7544d8) Importer(815301076,1909f56bfc062723c751e8b465ee728b)  -> (artifact id: '8e9aa21d2f9271681d660047cde94f20') in 0.013672 seconds 
